Added Component: Designator=U2(TSOP80P1180X120-54N)
Add component. Clean all parameters for all variants
Add component (AddParameter): Name = "Access Time"; Value = "5.4ns"; VariantName = "[No Variations]"
Add component (AddParameter): Name = "Address Bus Width"; Value = "14b"; VariantName = "[No Variations]"
Add component (AddParameter): Name = "Case/Package"; Value = "TSOP"; VariantName = "[No Variations]"
Add component (AddParameter): Name = "ComponentLink1Description"; Value = "https://www.verical.com/server-webapp/html/getDatasheet?partID=783875&src-supplier=Verical"; VariantName = "[No Variations]"
Add component (AddParameter): Name = "ComponentLink1URL"; Value = "https://www.verical.com/server-webapp/html/getDatasheet?partID=783875&src-supplier=Verical"; VariantName = "[No Variations]"
Add component (AddParameter): Name = "Data Bus Width"; Value = "16b"; VariantName = "[No Variations]"
Add component (AddParameter): Name = "Density"; Value = "64Mb"; VariantName = "[No Variations]"
Add component (AddParameter): Name = "Frequency"; Value = "166MHz"; VariantName = "[No Variations]"
Add component (AddParameter): Name = "Interface"; Value = "Parallel"; VariantName = "[No Variations]"
Add component (AddParameter): Name = "Lead Free"; Value = "Lead Free"; VariantName = "[No Variations]"
Add component (AddParameter): Name = "Manufacturer"; Value = "ISSI"; VariantName = "[No Variations]"
Add component (AddParameter): Name = "Manufacturer Part Number"; Value = "IS42S16400J-6TLI"; VariantName = "[No Variations]"
Add component (AddParameter): Name = "Max Frequency"; Value = "166MHz"; VariantName = "[No Variations]"
Add component (AddParameter): Name = "Max Operating Temperature"; Value = "85°C"; VariantName = "[No Variations]"
Add component (AddParameter): Name = "Max Supply Voltage"; Value = "3.6V"; VariantName = "[No Variations]"
Add component (AddParameter): Name = "Memory Size"; Value = "64Mb"; VariantName = "[No Variations]"
Add component (AddParameter): Name = "Memory Type"; Value = "RAM,SDRAM"; VariantName = "[No Variations]"
Add component (AddParameter): Name = "Min Operating Temperature"; Value = "-40°C"; VariantName = "[No Variations]"
Add component (AddParameter): Name = "Min Supply Voltage"; Value = "3V"; VariantName = "[No Variations]"
Add component (AddParameter): Name = "Mount"; Value = "Surface Mount"; VariantName = "[No Variations]"
Add component (AddParameter): Name = "Nominal Supply Current"; Value = "100mA"; VariantName = "[No Variations]"
Add component (AddParameter): Name = "Number of Pins"; Value = "54"; VariantName = "[No Variations]"
Add component (AddParameter): Name = "Operating Supply Voltage"; Value = "3.3V"; VariantName = "[No Variations]"
Add component (AddParameter): Name = "Package Quantity"; Value = "108"; VariantName = "[No Variations]"
Add component (AddParameter): Name = "Packaging"; Value = "Tray"; VariantName = "[No Variations]"
Add component (AddParameter): Name = "Pricing 1"; Value = "1=1.29, 10=1.29, 25=1.29, 50=1.19, 100=1.19 (USD)"; VariantName = "[No Variations]"
Add component (AddParameter): Name = "Radiation Hardening"; Value = "No"; VariantName = "[No Variations]"
Add component (AddParameter): Name = "Stock 1"; Value = "1136"; VariantName = "[No Variations]"
Add component (AddParameter): Name = "Supplier 1"; Value = "Avnet"; VariantName = "[No Variations]"
Added Pin To Net: NetName=3V3 Pin=U2-1
Added Pin To Net: NetName=MEM_D0 Pin=U2-2
Added Pin To Net: NetName=3V3 Pin=U2-3
Added Pin To Net: NetName=MEM_D1 Pin=U2-4
Added Pin To Net: NetName=MEM_D2 Pin=U2-5
Added Pin To Net: NetName=GND Pin=U2-6
Added Pin To Net: NetName=MEM_D3 Pin=U2-7
Added Pin To Net: NetName=MEM_D4 Pin=U2-8
Added Pin To Net: NetName=3V3 Pin=U2-9
Added Pin To Net: NetName=MEM_D5 Pin=U2-10
Added Pin To Net: NetName=MEM_D6 Pin=U2-11
Added Pin To Net: NetName=GND Pin=U2-12
Added Pin To Net: NetName=MEM_D7 Pin=U2-13
Added Pin To Net: NetName=3V3 Pin=U2-14
Added Pin To Net: NetName=MEM_NBL0 Pin=U2-15
Added Pin To Net: NetName=MEM_WE Pin=U2-16
Added Pin To Net: NetName=MEM_CAS Pin=U2-17
Added Pin To Net: NetName=MEM_RAS Pin=U2-18
Added Pin To Net: NetName=LCD_CSX Pin=U2-19
Added Pin To Net: NetName=MEM_BA0 Pin=U2-20
Added Pin To Net: NetName=MEM_BA1 Pin=U2-21
Added Pin To Net: NetName=MEM_A10 Pin=U2-22
Added Pin To Net: NetName=MEM_A0 Pin=U2-23
Added Pin To Net: NetName=MEM_A1 Pin=U2-24
Added Pin To Net: NetName=MEM_A2 Pin=U2-25
Added Pin To Net: NetName=MEM_A3 Pin=U2-26
Added Pin To Net: NetName=3V3 Pin=U2-27
Added Pin To Net: NetName=GND Pin=U2-28
Added Pin To Net: NetName=MEM_A4 Pin=U2-29
Added Pin To Net: NetName=MEM_A5 Pin=U2-30
Added Pin To Net: NetName=MEM_A6 Pin=U2-31
Added Pin To Net: NetName=MEM_A7 Pin=U2-32
Added Pin To Net: NetName=MEM_A8 Pin=U2-33
Added Pin To Net: NetName=MEM_A9 Pin=U2-34
Added Pin To Net: NetName=MEM_A11 Pin=U2-35
Added Pin To Net: NetName=MEM_CKE0 Pin=U2-37
Added Pin To Net: NetName=LCD_G7 Pin=U2-38
Added Pin To Net: NetName=MEM_NBL1 Pin=U2-39
Added Pin To Net: NetName=GND Pin=U2-41
Added Pin To Net: NetName=LCD_G3 Pin=U2-42
Added Pin To Net: NetName=3V3 Pin=U2-43
Added Pin To Net: NetName=LCD_B4 Pin=U2-44
Added Pin To Net: NetName=LCD_DE Pin=U2-45
Added Pin To Net: NetName=GND Pin=U2-46
Added Pin To Net: NetName=DOTCLK Pin=U2-47
Added Pin To Net: NetName=LCD_R7 Pin=U2-48
Added Pin To Net: NetName=3V3 Pin=U2-49
Added Pin To Net: NetName=MEM_D13 Pin=U2-50
Added Pin To Net: NetName=MEM_D14 Pin=U2-51
Added Pin To Net: NetName=GND Pin=U2-52
Added Pin To Net: NetName=LCD_B3 Pin=U2-53
Added Pin To Net: NetName=GND Pin=U2-54
Added Member To Class: ClassName=MCU Member=Component U2 IS42S16400J
Added Room: Name=MCU
Added Room: Name=System Diagram
